Línea 22: la clase AxioTextBox.AxTextBox del control AxTextBox1 no era una clase de control cargada.
Línea 46: la clase AxioTextBox.AxTextBox del control AxTextBox2 no era una clase de control cargada.
Línea 70: la clase AxioTextBox.AxTextBox del control AxTextBox3 no era una clase de control cargada.
Línea 94: la clase AxioTextBox.AxTextBox del control AxTextBox4 no era una clase de control cargada.
Línea 118: la clase AxioTextBox.AxTextBox del control AxTextBox5 no era una clase de control cargada.
Línea 142: la clase AxioTextBox.AxTextBox del control AxTextBox6 no era una clase de control cargada.
Línea 166: la clase AxioTextBox.AxTextBox del control AxTextBox7 no era una clase de control cargada.
Línea 190: la clase AxioTextBox.AxTextBox del control AxTextBox8 no era una clase de control cargada.
Línea 28: el nombre de la propiedad _ExtentX de AxTextBox1 no es válido.
Línea 29: el nombre de la propiedad _ExtentY de AxTextBox1 no es válido.
Línea 41: el nombre de la propiedad BorderColor de AxTextBox1 no es válido.
Línea 42: el nombre de la propiedad BackColorOnFocus de AxTextBox1 no es válido.
Línea 43: el nombre de la propiedad Alignment de AxTextBox1 no es válido.
Línea 44: el nombre de la propiedad CornerCurve de AxTextBox1 no es válido.
Línea 52: el nombre de la propiedad _ExtentX de AxTextBox2 no es válido.
Línea 53: el nombre de la propiedad _ExtentY de AxTextBox2 no es válido.
Línea 65: el nombre de la propiedad BorderColor de AxTextBox2 no es válido.
Línea 66: el nombre de la propiedad BackColorOnFocus de AxTextBox2 no es válido.
Línea 67: el nombre de la propiedad Alignment de AxTextBox2 no es válido.
Línea 68: el nombre de la propiedad CornerCurve de AxTextBox2 no es válido.
Línea 76: el nombre de la propiedad _ExtentX de AxTextBox3 no es válido.
Línea 77: el nombre de la propiedad _ExtentY de AxTextBox3 no es válido.
Línea 89: el nombre de la propiedad BorderColor de AxTextBox3 no es válido.
Línea 90: el nombre de la propiedad BackColorOnFocus de AxTextBox3 no es válido.
Línea 91: el nombre de la propiedad Alignment de AxTextBox3 no es válido.
Línea 92: el nombre de la propiedad CornerCurve de AxTextBox3 no es válido.
Línea 100: el nombre de la propiedad _ExtentX de AxTextBox4 no es válido.
Línea 101: el nombre de la propiedad _ExtentY de AxTextBox4 no es válido.
Línea 113: el nombre de la propiedad BorderColor de AxTextBox4 no es válido.
Línea 114: el nombre de la propiedad BackColorOnFocus de AxTextBox4 no es válido.
Línea 115: el nombre de la propiedad Alignment de AxTextBox4 no es válido.
Línea 116: el nombre de la propiedad CornerCurve de AxTextBox4 no es válido.
Línea 124: el nombre de la propiedad _ExtentX de AxTextBox5 no es válido.
Línea 125: el nombre de la propiedad _ExtentY de AxTextBox5 no es válido.
Línea 137: el nombre de la propiedad BorderColor de AxTextBox5 no es válido.
Línea 138: el nombre de la propiedad BackColorOnFocus de AxTextBox5 no es válido.
Línea 139: el nombre de la propiedad Alignment de AxTextBox5 no es válido.
Línea 140: el nombre de la propiedad CornerCurve de AxTextBox5 no es válido.
Línea 148: el nombre de la propiedad _ExtentX de AxTextBox6 no es válido.
Línea 149: el nombre de la propiedad _ExtentY de AxTextBox6 no es válido.
Línea 161: el nombre de la propiedad BorderColor de AxTextBox6 no es válido.
Línea 162: el nombre de la propiedad BackColorOnFocus de AxTextBox6 no es válido.
Línea 163: el nombre de la propiedad Alignment de AxTextBox6 no es válido.
Línea 164: el nombre de la propiedad CornerCurve de AxTextBox6 no es válido.
Línea 172: el nombre de la propiedad _ExtentX de AxTextBox7 no es válido.
Línea 173: el nombre de la propiedad _ExtentY de AxTextBox7 no es válido.
Línea 185: el nombre de la propiedad BorderColor de AxTextBox7 no es válido.
Línea 186: el nombre de la propiedad BackColorOnFocus de AxTextBox7 no es válido.
Línea 187: el nombre de la propiedad Alignment de AxTextBox7 no es válido.
Línea 188: el nombre de la propiedad CornerCurve de AxTextBox7 no es válido.
Línea 196: el nombre de la propiedad _ExtentX de AxTextBox8 no es válido.
Línea 197: el nombre de la propiedad _ExtentY de AxTextBox8 no es válido.
Línea 209: el nombre de la propiedad BorderColor de AxTextBox8 no es válido.
Línea 210: el nombre de la propiedad BackColorOnFocus de AxTextBox8 no es válido.
Línea 211: el nombre de la propiedad Alignment de AxTextBox8 no es válido.
Línea 212: el nombre de la propiedad CornerCurve de AxTextBox8 no es válido.
